<?xml version="1.0" encoding="UTF-8"?>
<!-- Generated by org.testng.reporters.JUnitReportReporter -->
<testsuite hostname="WKWIN4577979" name="com.sapient.publicis.TestNgClass" tests="2" failures="0" timestamp="26 Feb 2020 08:29:27 GMT" time="23.148" errors="0">
  <testcase name="calc" time="2.832" classname="com.sapient.publicis.TestNgClass"/>
  <testcase name="calc" time="20.316" classname="com.sapient.publicis.TestNgClass"/>
</testsuite> <!-- com.sapient.publicis.TestNgClass -->
