<?xml version="1.0" encoding="UTF-8"?>
<!-- Generated by org.testng.reporters.JUnitReportReporter -->
<testsuite hostname="WKWIN4577979" name="com.sapient.publicis.TestNgClass" tests="1" failures="0" timestamp="26 Feb 2020 04:44:37 GMT" time="0.000" errors="0">
  <testcase name="testAdd" time="0.000" classname="com.sapient.publicis.TestNgClass"/>
</testsuite> <!-- com.sapient.publicis.TestNgClass -->
